*** Starting uWSGI 2.0.19.1 (64bit) on [Wed Jun 24 09:55:21 2020] ***
compiled with version: 7.5.0 on 18 June 2020 10:01:56
os: Linux-4.15.0-91-generic #92-Ubuntu SMP Fri Feb 28 11:09:48 UTC 2020
nodename: iZ2ze8hlt9ey3q4wbabzu3Z
machine: x86_64
clock source: unix
detected number of CPU cores: 1
current working directory: /home/blood
detected binary path: /usr/local/bin/uwsgi
!!! no internal routing support, rebuild with pcre support !!!
uWSGI running as root, you can use --uid/--gid/--chroot options
*** WARNING: you are running uWSGI as root !!! (use the --uid flag) *** 
chdir() to /home/blood
your processes number limit is 7796
your memory page size is 4096 bytes
detected max file descriptor number: 65535
lock engine: pthread robust mutexes
thunder lock: disabled (you can enable it with --thunder-lock)
bind(): Cannot assign requested address [core/socket.c line 769]
*** Starting uWSGI 2.0.19.1 (64bit) on [Wed Jun 24 10:00:26 2020] ***
compiled with version: 7.5.0 on 18 June 2020 10:01:56
os: Linux-4.15.0-91-generic #92-Ubuntu SMP Fri Feb 28 11:09:48 UTC 2020
nodename: iZ2ze8hlt9ey3q4wbabzu3Z
machine: x86_64
clock source: unix
detected number of CPU cores: 1
current working directory: /home/blood
detected binary path: /usr/local/bin/uwsgi
!!! no internal routing support, rebuild with pcre support !!!
uWSGI running as root, you can use --uid/--gid/--chroot options
*** WARNING: you are running uWSGI as root !!! (use the --uid flag) *** 
chdir() to /home/blood
your processes number limit is 7796
your memory page size is 4096 bytes
detected max file descriptor number: 65535
lock engine: pthread robust mutexes
thunder lock: disabled (you can enable it with --thunder-lock)
uwsgi socket 0 bound to TCP address :8000 fd 3
uWSGI running as root, you can use --uid/--gid/--chroot options
*** WARNING: you are running uWSGI as root !!! (use the --uid flag) *** 
Python version: 3.6.9 (default, Nov  7 2019, 10:44:02)  [GCC 8.3.0]
*** Python threads support is disabled. You can enable it with --enable-threads ***
Python main interpreter initialized at 0x55854ac85a70
uWSGI running as root, you can use --uid/--gid/--chroot options
*** WARNING: you are running uWSGI as root !!! (use the --uid flag) *** 
your server socket listen backlog is limited to 100 connections
your mercy for graceful operations on workers is 60 seconds
mapped 145808 bytes (142 KB) for 1 cores
*** Operational MODE: single process ***
WSGI app 0 (mountpoint='') ready in 0 seconds on interpreter 0x55854ac85a70 pid: 12495 (default app)
uWSGI running as root, you can use --uid/--gid/--chroot options
*** WARNING: you are running uWSGI as root !!! (use the --uid flag) *** 
*** uWSGI is running in multiple interpreter mode ***
spawned uWSGI master process (pid: 12495)
spawned uWSGI worker 1 (pid: 12497, cores: 1)
*** Starting uWSGI 2.0.19.1 (64bit) on [Wed Jun 24 10:14:39 2020] ***
compiled with version: 7.5.0 on 18 June 2020 10:01:56
os: Linux-4.15.0-91-generic #92-Ubuntu SMP Fri Feb 28 11:09:48 UTC 2020
nodename: iZ2ze8hlt9ey3q4wbabzu3Z
machine: x86_64
clock source: unix
detected number of CPU cores: 1
current working directory: /home/blood
detected binary path: /usr/local/bin/uwsgi
!!! no internal routing support, rebuild with pcre support !!!
uWSGI running as root, you can use --uid/--gid/--chroot options
*** WARNING: you are running uWSGI as root !!! (use the --uid flag) *** 
chdir() to /home/blood
your processes number limit is 7796
your memory page size is 4096 bytes
detected max file descriptor number: 65535
lock engine: pthread robust mutexes
thunder lock: disabled (you can enable it with --thunder-lock)
probably another instance of uWSGI is running on the same address (:8000).
bind(): Address already in use [core/socket.c line 769]
*** Starting uWSGI 2.0.19.1 (64bit) on [Wed Jun 24 10:17:17 2020] ***
compiled with version: 7.5.0 on 18 June 2020 10:01:56
os: Linux-4.15.0-91-generic #92-Ubuntu SMP Fri Feb 28 11:09:48 UTC 2020
nodename: iZ2ze8hlt9ey3q4wbabzu3Z
machine: x86_64
clock source: unix
detected number of CPU cores: 1
current working directory: /home/blood
detected binary path: /usr/local/bin/uwsgi
!!! no internal routing support, rebuild with pcre support !!!
uWSGI running as root, you can use --uid/--gid/--chroot options
*** WARNING: you are running uWSGI as root !!! (use the --uid flag) *** 
chdir() to /home/blood
your processes number limit is 7796
your memory page size is 4096 bytes
detected max file descriptor number: 65535
lock engine: pthread robust mutexes
thunder lock: disabled (you can enable it with --thunder-lock)
bind(): Cannot assign requested address [core/socket.c line 769]
*** Starting uWSGI 2.0.19.1 (64bit) on [Wed Jun 24 10:20:09 2020] ***
compiled with version: 7.5.0 on 18 June 2020 10:01:56
os: Linux-4.15.0-91-generic #92-Ubuntu SMP Fri Feb 28 11:09:48 UTC 2020
nodename: iZ2ze8hlt9ey3q4wbabzu3Z
machine: x86_64
clock source: unix
detected number of CPU cores: 1
current working directory: /home/blood
detected binary path: /usr/local/bin/uwsgi
!!! no internal routing support, rebuild with pcre support !!!
uWSGI running as root, you can use --uid/--gid/--chroot options
*** WARNING: you are running uWSGI as root !!! (use the --uid flag) *** 
chdir() to /home/blood
your processes number limit is 7796
your memory page size is 4096 bytes
detected max file descriptor number: 65535
lock engine: pthread robust mutexes
thunder lock: disabled (you can enable it with --thunder-lock)
probably another instance of uWSGI is running on the same address (127.0.0.1:8000).
bind(): Address already in use [core/socket.c line 769]
*** Starting uWSGI 2.0.19.1 (64bit) on [Wed Jun 24 10:27:06 2020] ***
compiled with version: 7.5.0 on 18 June 2020 10:01:56
os: Linux-4.15.0-91-generic #92-Ubuntu SMP Fri Feb 28 11:09:48 UTC 2020
nodename: iZ2ze8hlt9ey3q4wbabzu3Z
machine: x86_64
clock source: unix
detected number of CPU cores: 1
current working directory: /home/blood
detected binary path: /usr/local/bin/uwsgi
!!! no internal routing support, rebuild with pcre support !!!
uWSGI running as root, you can use --uid/--gid/--chroot options
*** WARNING: you are running uWSGI as root !!! (use the --uid flag) *** 
chdir() to /home/blood
your processes number limit is 7796
your memory page size is 4096 bytes
detected max file descriptor number: 65535
lock engine: pthread robust mutexes
thunder lock: disabled (you can enable it with --thunder-lock)
probably another instance of uWSGI is running on the same address (127.0.0.1:8000).
bind(): Address already in use [core/socket.c line 769]
invalid request block size: 21573 (max 4096)...skip
invalid request block size: 21573 (max 4096)...skip
invalid request block size: 21573 (max 4096)...skip
invalid request block size: 21573 (max 4096)...skip
invalid request block size: 21573 (max 4096)...skip
invalid request block size: 21573 (max 4096)...skip
invalid request block size: 21573 (max 4096)...skip
invalid request block size: 21573 (max 4096)...skip
invalid request block size: 21573 (max 4096)...skip
invalid request block size: 21573 (max 4096)...skip
invalid request block size: 21573 (max 4096)...skip
invalid request block size: 21573 (max 4096)...skip
invalid request block size: 21573 (max 4096)...skip
invalid request block size: 21573 (max 4096)...skip
invalid request block size: 21573 (max 4096)...skip
invalid request block size: 21573 (max 4096)...skip
invalid request block size: 21573 (max 4096)...skip
invalid request block size: 21573 (max 4096)...skip
invalid request block size: 21573 (max 4096)...skip
invalid request block size: 21573 (max 4096)...skip
*** Starting uWSGI 2.0.19.1 (64bit) on [Wed Jun 24 10:56:16 2020] ***
compiled with version: 7.5.0 on 18 June 2020 10:01:56
os: Linux-4.15.0-91-generic #92-Ubuntu SMP Fri Feb 28 11:09:48 UTC 2020
nodename: iZ2ze8hlt9ey3q4wbabzu3Z
machine: x86_64
clock source: unix
detected number of CPU cores: 1
current working directory: /home/blood
detected binary path: /usr/local/bin/uwsgi
!!! no internal routing support, rebuild with pcre support !!!
uWSGI running as root, you can use --uid/--gid/--chroot options
*** WARNING: you are running uWSGI as root !!! (use the --uid flag) *** 
chdir() to /home/blood
your processes number limit is 7796
your memory page size is 4096 bytes
detected max file descriptor number: 65535
lock engine: pthread robust mutexes
thunder lock: disabled (you can enable it with --thunder-lock)
probably another instance of uWSGI is running on the same address (127.0.0.1:8000).
bind(): Address already in use [core/socket.c line 769]
...brutally killing workers...
Gracefully killing worker 1 (pid: 12497)...
worker 1 buried after 1 seconds
binary reloading uWSGI...
chdir() to /home/blood
closing all non-uwsgi socket fds > 2 (max_fd = 65535)...
found fd 3 mapped to socket 0 (:8000)
running /usr/local/bin/uwsgi
[uWSGI] getting INI configuration from uwsgi.ini
*** Starting uWSGI 2.0.19.1 (64bit) on [Wed Jun 24 03:05:45 2020] ***
compiled with version: 7.5.0 on 18 June 2020 10:01:56
os: Linux-4.15.0-91-generic #92-Ubuntu SMP Fri Feb 28 11:09:48 UTC 2020
nodename: iZ2ze8hlt9ey3q4wbabzu3Z
machine: x86_64
clock source: unix
detected number of CPU cores: 1
current working directory: /home/blood
detected binary path: /usr/local/bin/uwsgi
!!! no internal routing support, rebuild with pcre support !!!
uWSGI running as root, you can use --uid/--gid/--chroot options
*** WARNING: you are running uWSGI as root !!! (use the --uid flag) *** 
chdir() to /home/blood
your processes number limit is 7796
limiting address space of processes...
your process address space limit is 268435456 bytes (256 MB)
your memory page size is 4096 bytes
 *** WARNING: you have enabled harakiri without post buffering. Slow upload could be rejected on post-unbuffered webservers *** 
detected max file descriptor number: 65535
lock engine: pthread robust mutexes
thunder lock: disabled (you can enable it with --thunder-lock)
uwsgi socket 0 bound to TCP address 127.0.0.1:8000 fd 3
uWSGI running as root, you can use --uid/--gid/--chroot options
*** WARNING: you are running uWSGI as root !!! (use the --uid flag) *** 
Python version: 3.6.9 (default, Nov  7 2019, 10:44:02)  [GCC 8.3.0]
Python main interpreter initialized at 0x55e29712cab0
uWSGI running as root, you can use --uid/--gid/--chroot options
*** WARNING: you are running uWSGI as root !!! (use the --uid flag) *** 
python threads support enabled
your server socket listen backlog is limited to 120 connections
your mercy for graceful operations on workers is 60 seconds
mapped 203152 bytes (198 KB) for 1 cores
*** Operational MODE: single process ***
uWSGI running as root, you can use --uid/--gid/--chroot options
*** WARNING: you are running uWSGI as root !!! (use the --uid flag) *** 
*** uWSGI is running in multiple interpreter mode ***
gracefully (RE)spawned uWSGI master process (pid: 12495)
spawned uWSGI worker 1 (pid: 12613, cores: 1)
Python auto-reloader enabled
WSGI app 0 (mountpoint='') ready in 1 seconds on interpreter 0x55e29712cab0 pid: 12613 (default app)
